Using pre-set license
Built from '2020.3/release' branch; Version is '2020.3.15f2 (6cf78cb77498) revision 7141260'; Using compiler version '192528614'; Build Type 'Release'
OS: 'Windows 10 Home; OS build 19043.1237; Version 2009; 64bit' Language: 'en' Physical Memory: 8065 MB
BatchMode: 1, IsHumanControllingUs: 0, StartBugReporterOnCrash: 0, Is64bit: 1, IsPro: 0

 COMMAND LINE ARGUMENTS:
C:\Program Files\Unity\Hub\Editor\2020.3.15f2\Editor\Unity.exe
-adb2
-batchMode
-noUpm
-name
AssetImportWorker0
-projectPath
C:/Users/steve/Desktop/SLC semester 3/Game 312 - Game Engines/Lab01-BobbleHeadWars/Bobblehead Wars
-logFile
Logs/AssetImportWorker0.log
-srvPort
61051
Successfully changed project path to: C:/Users/steve/Desktop/SLC semester 3/Game 312 - Game Engines/Lab01-BobbleHeadWars/Bobblehead Wars
C:/Users/steve/Desktop/SLC semester 3/Game 312 - Game Engines/Lab01-BobbleHeadWars/Bobblehead Wars
Using Asset Import Pipeline V2.
Refreshing native plugins compatible for Editor in 51.80 ms, found 2 plugins.
Preloading 0 native plugins for Editor in 0.00 ms.
Initialize engine version: 2020.3.15f2 (6cf78cb77498)
[Subsystems] Discovering subsystems at path C:/Program Files/Unity/Hub/Editor/2020.3.15f2/Editor/Data/Resources/UnitySubsystems
[Subsystems] Discovering subsystems at path C:/Users/steve/Desktop/SLC semester 3/Game 312 - Game Engines/Lab01-BobbleHeadWars/Bobblehead Wars/Assets
GfxDevice: creating device client; threaded=0
Direct3D:
    Version:  Direct3D 11.0 [level 11.1]
    Renderer: Intel(R) HD Graphics 520 (ID=0x1916)
    Vendor:   
    VRAM:     4032 MB
    Driver:   21.20.16.4534
Initialize mono
Mono path[0] = 'C:/Program Files/Unity/Hub/Editor/2020.3.15f2/Editor/Data/Managed'
Mono path[1] = 'C:/Program Files/Unity/Hub/Editor/2020.3.15f2/Editor/Data/MonoBleedingEdge/lib/mono/unityjit'
Mono config path = 'C:/Program Files/Unity/Hub/Editor/2020.3.15f2/Editor/Data/MonoBleedingEdge/etc'
Using monoOptions --debugger-agent=transport=dt_socket,embedding=1,server=y,suspend=n,address=127.0.0.1:56352
Begin MonoManager ReloadAssembly
Registering precompiled unity dll's ...
Register platform support module: C:/Program Files/Unity/Hub/Editor/2020.3.15f2/Editor/Data/PlaybackEngines/WindowsStandaloneSupport/UnityEditor.WindowsStandalone.Extensions.dll
Registered in 0.002715 seconds.
Native extension for WindowsStandalone target not found
Refreshing native plugins compatible for Editor in 52.28 ms, found 2 plugins.
Preloading 0 native plugins for Editor in 0.00 ms.
Mono: successfully reloaded assembly
- Completed reload, in  1.837 seconds
Domain Reload Profiling:
	ReloadAssembly (1838ms)
		BeginReloadAssembly (136ms)
			ExecutionOrderSort (0ms)
			DisableScriptedObjects (0ms)
			BackupInstance (0ms)
			ReleaseScriptingObjects (0ms)
			CreateAndSetChildDomain (2ms)
		EndReloadAssembly (675ms)
			LoadAssemblies (131ms)
			RebuildTransferFunctionScriptingTraits (0ms)
			SetupTypeCache (245ms)
			ReleaseScriptCaches (0ms)
			RebuildScriptCaches (54ms)
			SetupLoadedEditorAssemblies (270ms)
				LogAssemblyErrors (0ms)
				InitializePlatformSupportModulesInManaged (6ms)
				SetLoadedEditorAssemblies (0ms)
				RefreshPlugins (52ms)
				BeforeProcessingInitializeOnLoad (25ms)
				ProcessInitializeOnLoadAttributes (136ms)
				ProcessInitializeOnLoadMethodAttributes (49ms)
				AfterProcessingInitializeOnLoad (0ms)
				EditorAssembliesLoaded (0ms)
			ExecutionOrderSort2 (0ms)
			AwakeInstancesAfterBackupRestoration (0ms)
Platform modules already initialized, skipping
Registering precompiled user dll's ...
Registered in 0.005854 seconds.
Begin MonoManager ReloadAssembly
Native extension for WindowsStandalone target not found
Refreshing native plugins compatible for Editor in 0.49 ms, found 2 plugins.
Preloading 0 native plugins for Editor in 0.00 ms.
Mono: successfully reloaded assembly
- Completed reload, in  1.533 seconds
Domain Reload Profiling:
	ReloadAssembly (1534ms)
		BeginReloadAssembly (200ms)
			ExecutionOrderSort (0ms)
			DisableScriptedObjects (7ms)
			BackupInstance (0ms)
			ReleaseScriptingObjects (0ms)
			CreateAndSetChildDomain (24ms)
		EndReloadAssembly (1250ms)
			LoadAssemblies (118ms)
			RebuildTransferFunctionScriptingTraits (0ms)
			SetupTypeCache (374ms)
			ReleaseScriptCaches (0ms)
			RebuildScriptCaches (62ms)
			SetupLoadedEditorAssemblies (563ms)
				LogAssemblyErrors (0ms)
				InitializePlatformSupportModulesInManaged (6ms)
				SetLoadedEditorAssemblies (1ms)
				RefreshPlugins (1ms)
				BeforeProcessingInitializeOnLoad (98ms)
				ProcessInitializeOnLoadAttributes (444ms)
				ProcessInitializeOnLoadMethodAttributes (6ms)
				AfterProcessingInitializeOnLoad (7ms)
				EditorAssembliesLoaded (0ms)
			ExecutionOrderSort2 (0ms)
			AwakeInstancesAfterBackupRestoration (8ms)
Platform modules already initialized, skipping
========================================================================
Worker process is ready to serve import requests
Launched and connected shader compiler UnityShaderCompiler.exe after 0.10 seconds
Refreshing native plugins compatible for Editor in 0.57 ms, found 2 plugins.
Preloading 0 native plugins for Editor in 0.00 ms.
Unloading 1397 Unused Serialized files (Serialized files now loaded: 0)
System memory in use before: 65.4 MB.
System memory in use after: 65.5 MB.

Unloading 18 unused Assets to reduce memory usage. Loaded Objects now: 1830.
Total: 3.837400 ms (FindLiveObjects: 0.264600 ms CreateObjectMapping: 0.102800 ms MarkObjects: 3.364500 ms  DeleteObjects: 0.103800 ms)

AssetImportParameters requested are different than current active one (requested -> active):
  custom:framework-win-MediaFoundation: 216162199b28c13a410421893ffa2e32 -> 
  custom:video-decoder-ogg-theora: a1e56fd34408186e4bbccfd4996cb3dc -> 
  custom:container-muxer-webm: aa71ff27fc2769a1b78a27578f13a17b -> 
  custom:container-demuxer-webm: 4f35f7cbe854078d1ac9338744f61a02 -> 
  custom:container-demuxer-ogg: 62fdf1f143b41e24485cea50d1cbac27 -> 
  custom:video-encoder-webm-vp8: eb34c28f22e8b96e1ab97ce403110664 -> 
  custom:video-codec-MediaFoundation-h265: 746d11721c4dcdbdad8f713fa42b33f4 -> 
  custom:video-decoder-webm-vp8: 9c59270c3fd7afecdb556c50c9e8de78 -> 
  custom:audio-decoder-ogg-vorbis: bf7c407c2cedff20999df2af8eb42d56 -> 
  custom:audio-encoder-webm-vorbis: bf7c407c2cedff20999df2af8eb42d56 -> 
========================================================================
Received Import Request.
  path: Assets/Animations
  artifactKey: Guid(15e0dea3bcd895b4b8ebd8ae904b24bc) Importer(815301076,1909f56bfc062723c751e8b465ee728b)
Start importing Assets/Animations using Guid(15e0dea3bcd895b4b8ebd8ae904b24bc) Importer(815301076,1909f56bfc062723c751e8b465ee728b)  -> (artifact id: 'b26d085893fada245f1d295ff7a7d4ca') in 0.017738 seconds 
  Import took 0.021880 seconds .

========================================================================
Received Import Request.
  Time since last request: 9.039591 seconds.
  path: Assets/Materials
  artifactKey: Guid(2071f5421d5226844a4a767dd22b0d7c) Importer(815301076,1909f56bfc062723c751e8b465ee728b)
Start importing Assets/Materials using Guid(2071f5421d5226844a4a767dd22b0d7c) Importer(815301076,1909f56bfc062723c751e8b465ee728b)  -> (artifact id: '28529dc5e1263480bed9c32ad6a91725') in 0.015950 seconds 
  Import took 0.020124 seconds .

========================================================================
Received Import Request.
  Time since last request: 10.643300 seconds.
  path: Assets/Prefabs
  artifactKey: Guid(5b4b9481344f4264fb7c282518a1b50c) Importer(815301076,1909f56bfc062723c751e8b465ee728b)
Start importing Assets/Prefabs using Guid(5b4b9481344f4264fb7c282518a1b50c) Importer(815301076,1909f56bfc062723c751e8b465ee728b)  -> (artifact id: '0336b3a66dc339c06e9516211ec48cf4') in 0.022625 seconds 
  Import took 0.027327 seconds .

========================================================================
Received Import Request.
  Time since last request: 8.048437 seconds.
  path: Assets/Presets
  artifactKey: Guid(e45763a6c50ad524f8ffec42cdcbc3c3) Importer(815301076,1909f56bfc062723c751e8b465ee728b)
Start importing Assets/Presets using Guid(e45763a6c50ad524f8ffec42cdcbc3c3) Importer(815301076,1909f56bfc062723c751e8b465ee728b)  -> (artifact id: 'aef5c0bf4d020b0b1fbb41be2b4034bc') in 0.010977 seconds 
  Import took 0.014745 seconds .

========================================================================
Received Import Request.
  Time since last request: 8.017872 seconds.
  path: Assets/Scripts
  artifactKey: Guid(20d83e1059154384faa2fa24dcca12b6) Importer(815301076,1909f56bfc062723c751e8b465ee728b)
Start importing Assets/Scripts using Guid(20d83e1059154384faa2fa24dcca12b6) Importer(815301076,1909f56bfc062723c751e8b465ee728b)  -> (artifact id: '8ffd4983a2d5b7d4291955fba94e5b63') in 0.014408 seconds 
  Import took 0.019514 seconds .

========================================================================
Received Import Request.
  Time since last request: 9.830776 seconds.
  path: Assets/Textures
  artifactKey: Guid(7e38dd28908a502429fa4f4914b06690) Importer(815301076,1909f56bfc062723c751e8b465ee728b)
Start importing Assets/Textures using Guid(7e38dd28908a502429fa4f4914b06690) Importer(815301076,1909f56bfc062723c751e8b465ee728b)  -> (artifact id: '86c960bca380c414cccd9c21dda9cb63') in 0.014844 seconds 
  Import took 0.020161 seconds .

========================================================================
Received Import Request.
  Time since last request: 0.000937 seconds.
  path: Assets/Textures
  artifactKey: Guid(7e38dd28908a502429fa4f4914b06690) Importer(815301076,1909f56bfc062723c751e8b465ee728b)
Start importing Assets/Textures using Guid(7e38dd28908a502429fa4f4914b06690) Importer(815301076,1909f56bfc062723c751e8b465ee728b)  -> (artifact id: '86c960bca380c414cccd9c21dda9cb63') in 0.004665 seconds 
  Import took 0.009004 seconds .

========================================================================
Received Import Request.
  Time since last request: 105.828512 seconds.
  path: Assets/Models
  artifactKey: Guid(afccca12b79511c4899aa8653d59819b) Importer(815301076,1909f56bfc062723c751e8b465ee728b)
Start importing Assets/Models using Guid(afccca12b79511c4899aa8653d59819b) Importer(815301076,1909f56bfc062723c751e8b465ee728b)  -> (artifact id: 'beeac783a789c193cfb3d7d0be0f3aa8') in 0.016567 seconds 
  Import took 0.021617 seconds .

========================================================================
Received Import Request.
  Time since last request: 0.001479 seconds.
  path: Assets/Models
  artifactKey: Guid(afccca12b79511c4899aa8653d59819b) Importer(815301076,1909f56bfc062723c751e8b465ee728b)
Start importing Assets/Models using Guid(afccca12b79511c4899aa8653d59819b) Importer(815301076,1909f56bfc062723c751e8b465ee728b)  -> (artifact id: 'beeac783a789c193cfb3d7d0be0f3aa8') in 0.004302 seconds 
  Import took 0.008488 seconds .

========================================================================
Received Import Request.
  Time since last request: 26.442653 seconds.
  path: Assets/Models/BobbleMarine-Body.fbx
  artifactKey: Guid(071104308212f1c4d8366bb17ba6c452) Importer(815301076,1909f56bfc062723c751e8b465ee728b)
Start importing Assets/Models/BobbleMarine-Body.fbx using Guid(071104308212f1c4d8366bb17ba6c452) Importer(815301076,1909f56bfc062723c751e8b465ee728b)  -> (artifact id: '0a655814c0a43b05b5c6ae4c3fcb3c3c') in 0.390365 seconds 
  Import took 0.395328 seconds .

========================================================================
Received Import Request.
  Time since last request: 0.000342 seconds.
  path: Assets/Models/BobbleMarine-Head.fbx
  artifactKey: Guid(a3b63e46abfe5814b8d2dff9ab3bffcd) Importer(815301076,1909f56bfc062723c751e8b465ee728b)
Start importing Assets/Models/BobbleMarine-Head.fbx using Guid(a3b63e46abfe5814b8d2dff9ab3bffcd) Importer(815301076,1909f56bfc062723c751e8b465ee728b)  -> (artifact id: '0cc2d37dd78af4748451db8a2aa35e8a') in 0.115824 seconds 
  Import took 0.119012 seconds .

========================================================================
Received Import Request.
  Time since last request: 24.232192 seconds.
  path: Assets/Models/BobbleMarine-Body.fbx
  artifactKey: Guid(071104308212f1c4d8366bb17ba6c452) Importer(815301076,1909f56bfc062723c751e8b465ee728b)
Start importing Assets/Models/BobbleMarine-Body.fbx using Guid(071104308212f1c4d8366bb17ba6c452) Importer(815301076,1909f56bfc062723c751e8b465ee728b)  -> (artifact id: '4812f341a1d5c8a407f4c80677468431') in 0.233227 seconds 
  Import took 0.237710 seconds .

========================================================================
Received Import Request.
  Time since last request: 0.000417 seconds.
  path: Assets/Models/BobbleMarine-Head.fbx
  artifactKey: Guid(a3b63e46abfe5814b8d2dff9ab3bffcd) Importer(815301076,1909f56bfc062723c751e8b465ee728b)
Start importing Assets/Models/BobbleMarine-Head.fbx using Guid(a3b63e46abfe5814b8d2dff9ab3bffcd) Importer(815301076,1909f56bfc062723c751e8b465ee728b)  -> (artifact id: 'd82a4a3e3dafb707c16df42898673432') in 0.113670 seconds 
  Import took 0.117032 seconds .

========================================================================
Received Prepare
Registering precompiled user dll's ...
Registered in 0.008702 seconds.
Begin MonoManager ReloadAssembly
Native extension for WindowsStandalone target not found
Refreshing native plugins compatible for Editor in 0.39 ms, found 2 plugins.
Preloading 0 native plugins for Editor in 0.00 ms.
Mono: successfully reloaded assembly
- Completed reload, in  1.687 seconds
Domain Reload Profiling:
	ReloadAssembly (1688ms)
		BeginReloadAssembly (167ms)
			ExecutionOrderSort (0ms)
			DisableScriptedObjects (5ms)
			BackupInstance (0ms)
			ReleaseScriptingObjects (0ms)
			CreateAndSetChildDomain (45ms)
		EndReloadAssembly (1422ms)
			LoadAssemblies (135ms)
			RebuildTransferFunctionScriptingTraits (0ms)
			SetupTypeCache (411ms)
			ReleaseScriptCaches (1ms)
			RebuildScriptCaches (70ms)
			SetupLoadedEditorAssemblies (652ms)
				LogAssemblyErrors (0ms)
				InitializePlatformSupportModulesInManaged (8ms)
				SetLoadedEditorAssemblies (1ms)
				RefreshPlugins (0ms)
				BeforeProcessingInitializeOnLoad (112ms)
				ProcessInitializeOnLoadAttributes (515ms)
				ProcessInitializeOnLoadMethodAttributes (5ms)
				AfterProcessingInitializeOnLoad (10ms)
				EditorAssembliesLoaded (0ms)
			ExecutionOrderSort2 (0ms)
			AwakeInstancesAfterBackupRestoration (10ms)
Platform modules already initialized, skipping
Refreshing native plugins compatible for Editor in 0.70 ms, found 2 plugins.
Preloading 0 native plugins for Editor in 0.00 ms.
Unloading 1393 Unused Serialized files (Serialized files now loaded: 0)
System memory in use before: 68.9 MB.
System memory in use after: 69.0 MB.

Unloading 14 unused Assets to reduce memory usage. Loaded Objects now: 1877.
Total: 3.339700 ms (FindLiveObjects: 0.172200 ms CreateObjectMapping: 0.058400 ms MarkObjects: 3.072400 ms  DeleteObjects: 0.034800 ms)

AssetImportParameters requested are different than current active one (requested -> active):
  custom:framework-win-MediaFoundation: 216162199b28c13a410421893ffa2e32 -> 
  custom:video-decoder-ogg-theora: a1e56fd34408186e4bbccfd4996cb3dc -> 
  custom:container-muxer-webm: aa71ff27fc2769a1b78a27578f13a17b -> 
  custom:container-demuxer-webm: 4f35f7cbe854078d1ac9338744f61a02 -> 
  custom:container-demuxer-ogg: 62fdf1f143b41e24485cea50d1cbac27 -> 
  custom:video-encoder-webm-vp8: eb34c28f22e8b96e1ab97ce403110664 -> 
  custom:video-codec-MediaFoundation-h265: 746d11721c4dcdbdad8f713fa42b33f4 -> 
  custom:video-decoder-webm-vp8: 9c59270c3fd7afecdb556c50c9e8de78 -> 
  custom:audio-decoder-ogg-vorbis: bf7c407c2cedff20999df2af8eb42d56 -> 
  custom:audio-encoder-webm-vorbis: bf7c407c2cedff20999df2af8eb42d56 -> 
========================================================================
Received Import Request.
  Time since last request: 228.169910 seconds.
  path: Assets/Models/BobbleArena-Collider.blend
  artifactKey: Guid(93576df0457ab4d6e83debcd94a50b3b) Importer(815301076,1909f56bfc062723c751e8b465ee728b)
Start importing Assets/Models/BobbleArena-Collider.blend using Guid(93576df0457ab4d6e83debcd94a50b3b) Importer(815301076,1909f56bfc062723c751e8b465ee728b)  -> (artifact id: '59e742ce19bc62be387d244491509096') in 0.141248 seconds 
  Import took 0.146679 seconds .

========================================================================
Received Import Request.
  Time since last request: 0.000362 seconds.
  path: Assets/Models/BobbleEnemy-Head.fbx
  artifactKey: Guid(c62bb7c342d064be783edcee0d6a5064) Importer(815301076,1909f56bfc062723c751e8b465ee728b)
Start importing Assets/Models/BobbleEnemy-Head.fbx using Guid(c62bb7c342d064be783edcee0d6a5064) Importer(815301076,1909f56bfc062723c751e8b465ee728b)  -> (artifact id: '44eb852c9ad0e14d48194789ed46b388') in 0.051501 seconds 
  Import took 0.054417 seconds .

========================================================================
Received Import Request.
  Time since last request: 0.000320 seconds.
  path: Assets/Models/BobbleArena.blend
  artifactKey: Guid(7f78b096b427d419f9918e4ae4fc4aec) Importer(815301076,1909f56bfc062723c751e8b465ee728b)
Start importing Assets/Models/BobbleArena.blend using Guid(7f78b096b427d419f9918e4ae4fc4aec) Importer(815301076,1909f56bfc062723c751e8b465ee728b)  -> (artifact id: 'c4713b66899a0934361583c286e570b4') in 0.209676 seconds 
  Import took 0.215961 seconds .

========================================================================
Received Import Request.
  Time since last request: 0.000293 seconds.
  path: Assets/Models/BobbleEnemy-Body.blend
  artifactKey: Guid(7df968ec880694920bcb46964b9d62a4) Importer(815301076,1909f56bfc062723c751e8b465ee728b)
Start importing Assets/Models/BobbleEnemy-Body.blend using Guid(7df968ec880694920bcb46964b9d62a4) Importer(815301076,1909f56bfc062723c751e8b465ee728b)  -> (artifact id: 'ded93725ce1841aa18b2c2af3f6f84fa') in 0.158059 seconds 
  Import took 0.162252 seconds .

========================================================================
Received Import Request.
  Time since last request: 0.000315 seconds.
  path: Assets/Models/BobbleArena-Column.blend
  artifactKey: Guid(7efbd8df4f8f248a58d8a33c88abe034) Importer(815301076,1909f56bfc062723c751e8b465ee728b)
Start importing Assets/Models/BobbleArena-Column.blend using Guid(7efbd8df4f8f248a58d8a33c88abe034) Importer(815301076,1909f56bfc062723c751e8b465ee728b)  -> (artifact id: 'b7705f68992145e0469e0f57c9d28ec6') in 0.085670 seconds 
  Import took 0.089104 seconds .

========================================================================
Received Import Request.
  Time since last request: 25.840372 seconds.
  path: Assets/Models/Materials/BobbleArena-Main Texture.mat
  artifactKey: Guid(ca076e637b4b4b84cb96f71003398e53) Importer(815301076,1909f56bfc062723c751e8b465ee728b)
Start importing Assets/Models/Materials/BobbleArena-Main Texture.mat using Guid(ca076e637b4b4b84cb96f71003398e53) Importer(815301076,1909f56bfc062723c751e8b465ee728b)  -> (artifact id: 'be34a08dbfa400a8c41bd4795bfad502') in 0.054160 seconds 
  Import took 0.058298 seconds .

========================================================================
Received Import Request.
  Time since last request: 0.000389 seconds.
  path: Assets/Models/Materials/BobbleArena-Material.mat
  artifactKey: Guid(b2b41f43ac77c4ba6ab290cc5d77c8c6) Importer(815301076,1909f56bfc062723c751e8b465ee728b)
Start importing Assets/Models/Materials/BobbleArena-Material.mat using Guid(b2b41f43ac77c4ba6ab290cc5d77c8c6) Importer(815301076,1909f56bfc062723c751e8b465ee728b)  -> (artifact id: '72d7756579168103cebf021268ad1938') in 0.028628 seconds 
  Import took 0.032608 seconds .

========================================================================
Received Import Request.
  Time since last request: 0.000345 seconds.
  path: Assets/Models/Materials/BobbleArena-Main_Texture.mat
  artifactKey: Guid(9c32c6e136d3b404e848fbbb01c14f22) Importer(815301076,1909f56bfc062723c751e8b465ee728b)
Start importing Assets/Models/Materials/BobbleArena-Main_Texture.mat using Guid(9c32c6e136d3b404e848fbbb01c14f22) Importer(815301076,1909f56bfc062723c751e8b465ee728b)  -> (artifact id: '019bd690a0d06f627f1c6703e2560c1f') in 0.044242 seconds 
  Import took 0.048129 seconds .

========================================================================
Received Import Request.
  Time since last request: 0.000306 seconds.
  path: Assets/Models/Materials/BobbleArena-Main_Texture__Bobble_Wars_Marine_texture_psd.mat
  artifactKey: Guid(e8cf5b3d504b04a09a3d13bd4720c463) Importer(815301076,1909f56bfc062723c751e8b465ee728b)
Start importing Assets/Models/Materials/BobbleArena-Main_Texture__Bobble_Wars_Marine_texture_psd.mat using Guid(e8cf5b3d504b04a09a3d13bd4720c463) Importer(815301076,1909f56bfc062723c751e8b465ee728b)  -> (artifact id: '2145dfb046981b1c06af85934410527d') in 0.028787 seconds 
  Import took 0.033614 seconds .

========================================================================
Received Import Request.
  Time since last request: 0.000304 seconds.
  path: Assets/Models/Materials/BobbleEnemy-Body-Main Texture.mat
  artifactKey: Guid(f6673e591548f264b8d1c0abc52f394f) Importer(815301076,1909f56bfc062723c751e8b465ee728b)
Start importing Assets/Models/Materials/BobbleEnemy-Body-Main Texture.mat using Guid(f6673e591548f264b8d1c0abc52f394f) Importer(815301076,1909f56bfc062723c751e8b465ee728b)  -> (artifact id: 'd85079fea3fac2e8b4e07333c0152a10') in 0.027930 seconds 
  Import took 0.032839 seconds .

========================================================================
Received Import Request.
  Time since last request: 0.000272 seconds.
  path: Assets/Models/Materials/BobbleArena-No Name.mat
  artifactKey: Guid(3dec02c25f828cc45b00f6cde17aa63d) Importer(815301076,1909f56bfc062723c751e8b465ee728b)
Start importing Assets/Models/Materials/BobbleArena-No Name.mat using Guid(3dec02c25f828cc45b00f6cde17aa63d) Importer(815301076,1909f56bfc062723c751e8b465ee728b)  -> (artifact id: 'c3893c1e135730087c7694d99b1311d5') in 0.034829 seconds 
  Import took 0.038579 seconds .

========================================================================
Received Import Request.
  Time since last request: 0.000289 seconds.
  path: Assets/Models/Materials/BobbleEnemy-Body-Main_Texture.mat
  artifactKey: Guid(a574e12c200cf41d188d9b8639bec4e7) Importer(815301076,1909f56bfc062723c751e8b465ee728b)
Start importing Assets/Models/Materials/BobbleEnemy-Body-Main_Texture.mat using Guid(a574e12c200cf41d188d9b8639bec4e7) Importer(815301076,1909f56bfc062723c751e8b465ee728b)  -> (artifact id: '90f425c1a253f1a8147ead4acb4bcb25') in 0.026970 seconds 
  Import took 0.031637 seconds .

========================================================================
Received Import Request.
  Time since last request: 0.000328 seconds.
  path: Assets/Models/Materials/BobbleArena-unnamed.mat
  artifactKey: Guid(0176fe6449d0241a780f287f93d27fde) Importer(815301076,1909f56bfc062723c751e8b465ee728b)
Start importing Assets/Models/Materials/BobbleArena-unnamed.mat using Guid(0176fe6449d0241a780f287f93d27fde) Importer(815301076,1909f56bfc062723c751e8b465ee728b)  -> (artifact id: '7a9abee900a02bbdd5e61c160a9c78b8') in 0.029082 seconds 
  Import took 0.034347 seconds .

========================================================================
Received Import Request.
  Time since last request: 52.129905 seconds.
  path: Assets/Models/Pickup.fbx
  artifactKey: Guid(596f17f5f6d5a433b9d367360ec103a9) Importer(815301076,1909f56bfc062723c751e8b465ee728b)
Start importing Assets/Models/Pickup.fbx using Guid(596f17f5f6d5a433b9d367360ec103a9) Importer(815301076,1909f56bfc062723c751e8b465ee728b)  -> (artifact id: 'a151ea6059c4904d66c9af4eca8dcfc1') in 0.054529 seconds 
  Import took 0.059025 seconds .

========================================================================
Received Import Request.
  Time since last request: 163.924791 seconds.
  path: Assets/Materials/Import/Bobble Wars Enemy texture.mat
  artifactKey: Guid(6ba8616884eb54745bd33315e7a91ebd) Importer(815301076,1909f56bfc062723c751e8b465ee728b)
Start importing Assets/Materials/Import/Bobble Wars Enemy texture.mat using Guid(6ba8616884eb54745bd33315e7a91ebd) Importer(815301076,1909f56bfc062723c751e8b465ee728b)  -> (artifact id: '022d3af0eea50620a095e5216101cc92') in 0.023203 seconds 
  Import took 0.027705 seconds .

========================================================================
Received Import Request.
  Time since last request: 0.000274 seconds.
  path: Assets/Materials/Import/Bobble Wars Enemy texture 1.mat
  artifactKey: Guid(997998f6f692241fe99d3882821e35bd) Importer(815301076,1909f56bfc062723c751e8b465ee728b)
Start importing Assets/Materials/Import/Bobble Wars Enemy texture 1.mat using Guid(997998f6f692241fe99d3882821e35bd) Importer(815301076,1909f56bfc062723c751e8b465ee728b)  -> (artifact id: 'ef99d009e391585c4799f91f72bca7fa') in 0.052071 seconds 
  Import took 0.057219 seconds .

========================================================================
Received Import Request.
  Time since last request: 0.000577 seconds.
  path: Assets/Materials/Import/Bobble Wars Enemy texture.mat
  artifactKey: Guid(6ba8616884eb54745bd33315e7a91ebd) Importer(815301076,1909f56bfc062723c751e8b465ee728b)
Start importing Assets/Materials/Import/Bobble Wars Enemy texture.mat using Guid(6ba8616884eb54745bd33315e7a91ebd) Importer(815301076,1909f56bfc062723c751e8b465ee728b)  -> (artifact id: '022d3af0eea50620a095e5216101cc92') in 0.022729 seconds 
  Import took 0.027429 seconds .

========================================================================
Received Import Request.
  Time since last request: 0.000332 seconds.
  path: Assets/Materials/Import/Bobble Wars Marine texture 6.mat
  artifactKey: Guid(83ea1bb525d7244e98e6e3f4da87c55f) Importer(815301076,1909f56bfc062723c751e8b465ee728b)
Start importing Assets/Materials/Import/Bobble Wars Marine texture 6.mat using Guid(83ea1bb525d7244e98e6e3f4da87c55f) Importer(815301076,1909f56bfc062723c751e8b465ee728b)  -> (artifact id: '2c4ddbbf9bb6fec2c91fef82d61de2d5') in 0.034623 seconds 
  Import took 0.038896 seconds .

========================================================================
Received Import Request.
  Time since last request: 0.000287 seconds.
  path: Assets/Materials/Import/Bobble Wars Enemy texture 1.mat
  artifactKey: Guid(997998f6f692241fe99d3882821e35bd) Importer(815301076,1909f56bfc062723c751e8b465ee728b)
Start importing Assets/Materials/Import/Bobble Wars Enemy texture 1.mat using Guid(997998f6f692241fe99d3882821e35bd) Importer(815301076,1909f56bfc062723c751e8b465ee728b)  -> (artifact id: 'ef99d009e391585c4799f91f72bca7fa') in 0.025693 seconds 
  Import took 0.029697 seconds .

========================================================================
Received Import Request.
  Time since last request: 0.000405 seconds.
  path: Assets/Materials/Import/Bobble Wars Marine texture 1.mat
  artifactKey: Guid(4cbec73ed3a914660a06a95ba8194070) Importer(815301076,1909f56bfc062723c751e8b465ee728b)
Start importing Assets/Materials/Import/Bobble Wars Marine texture 1.mat using Guid(4cbec73ed3a914660a06a95ba8194070) Importer(815301076,1909f56bfc062723c751e8b465ee728b)  -> (artifact id: '7f896d5c5988090b87b0df242ec4242a') in 0.024553 seconds 
  Import took 0.030516 seconds .

========================================================================
Received Import Request.
  Time since last request: 0.000339 seconds.
  path: Assets/Materials/Import/Bobble Wars Marine texture 2.mat
  artifactKey: Guid(84744ef95e5d94195b26a56feafcbeca) Importer(815301076,1909f56bfc062723c751e8b465ee728b)
Start importing Assets/Materials/Import/Bobble Wars Marine texture 2.mat using Guid(84744ef95e5d94195b26a56feafcbeca) Importer(815301076,1909f56bfc062723c751e8b465ee728b)  -> (artifact id: 'bf8d884947358e29f985b578c674292d') in 0.026495 seconds 
  Import took 0.031911 seconds .

========================================================================
Received Import Request.
  Time since last request: 0.000271 seconds.
  path: Assets/Materials/Import/Bobble Wars Marine texture 4.mat
  artifactKey: Guid(15c44105e03144432841c106bfc6aeb6) Importer(815301076,1909f56bfc062723c751e8b465ee728b)
Start importing Assets/Materials/Import/Bobble Wars Marine texture 4.mat using Guid(15c44105e03144432841c106bfc6aeb6) Importer(815301076,1909f56bfc062723c751e8b465ee728b)  -> (artifact id: 'ccb34042243a741e6301c504f6340477') in 0.024793 seconds 
  Import took 0.029266 seconds .

========================================================================
Received Import Request.
  Time since last request: 0.000311 seconds.
  path: Assets/Materials/Import/Bobble Wars Marine texture 5.mat
  artifactKey: Guid(a323b00f2c0aa4b3191e6bce6ec48265) Importer(815301076,1909f56bfc062723c751e8b465ee728b)
Start importing Assets/Materials/Import/Bobble Wars Marine texture 5.mat using Guid(a323b00f2c0aa4b3191e6bce6ec48265) Importer(815301076,1909f56bfc062723c751e8b465ee728b)  -> (artifact id: '6cfdf3ea5d28a658e1a78a97e3b63bf2') in 0.033488 seconds 
  Import took 0.037092 seconds .

========================================================================
Received Import Request.
  Time since last request: 0.000281 seconds.
  path: Assets/Materials/Import/Bobble Wars Marine texture 3.mat
  artifactKey: Guid(8b599b919d555417d9715e5077fbb4d1) Importer(815301076,1909f56bfc062723c751e8b465ee728b)
Start importing Assets/Materials/Import/Bobble Wars Marine texture 3.mat using Guid(8b599b919d555417d9715e5077fbb4d1) Importer(815301076,1909f56bfc062723c751e8b465ee728b)  -> (artifact id: '33438fba9875bce552b6bdeb6ab93d18') in 0.030693 seconds 
  Import took 0.038108 seconds .

========================================================================
Received Import Request.
  Time since last request: 0.002881 seconds.
  path: Assets/Materials/Import/Bobble Wars Marine texture 5.mat
  artifactKey: Guid(a323b00f2c0aa4b3191e6bce6ec48265) Importer(815301076,1909f56bfc062723c751e8b465ee728b)
Start importing Assets/Materials/Import/Bobble Wars Marine texture 5.mat using Guid(a323b00f2c0aa4b3191e6bce6ec48265) Importer(815301076,1909f56bfc062723c751e8b465ee728b)  -> (artifact id: '6cfdf3ea5d28a658e1a78a97e3b63bf2') in 0.021906 seconds 
  Import took 0.026906 seconds .

========================================================================
Received Import Request.
  Time since last request: 1.846076 seconds.
  path: Assets/Materials/Import/Bobble Wars Marine texture 7.mat
  artifactKey: Guid(092aa57f97486468ea08171b8ae5efb6) Importer(815301076,1909f56bfc062723c751e8b465ee728b)
Start importing Assets/Materials/Import/Bobble Wars Marine texture 7.mat using Guid(092aa57f97486468ea08171b8ae5efb6) Importer(815301076,1909f56bfc062723c751e8b465ee728b)  -> (artifact id: 'dae50e8ba50d37f22d6bb986c022b6a9') in 0.021606 seconds 
  Import took 0.025707 seconds .

========================================================================
Received Import Request.
  Time since last request: 0.000309 seconds.
  path: Assets/Materials/Import/Bobble Wars Marine texture 8.mat
  artifactKey: Guid(ab2ae8b93cf3b497982e598002c35d59) Importer(815301076,1909f56bfc062723c751e8b465ee728b)
Start importing Assets/Materials/Import/Bobble Wars Marine texture 8.mat using Guid(ab2ae8b93cf3b497982e598002c35d59) Importer(815301076,1909f56bfc062723c751e8b465ee728b)  -> (artifact id: '25a3fd218482989523709cc90b4e9c68') in 0.025191 seconds 
  Import took 0.030673 seconds .

========================================================================
Received Import Request.
  Time since last request: 31.234175 seconds.
  path: Assets/Materials/Models/BobbleEnemy-Body-Main_Texture__Bobble_Wars_Enemy_texture_psd.mat
  artifactKey: Guid(cb2868aa28fed48a180aa6b2639100e5) Importer(815301076,1909f56bfc062723c751e8b465ee728b)
Start importing Assets/Materials/Models/BobbleEnemy-Body-Main_Texture__Bobble_Wars_Enemy_texture_psd.mat using Guid(cb2868aa28fed48a180aa6b2639100e5) Importer(815301076,1909f56bfc062723c751e8b465ee728b)  -> (artifact id: '1281e0795884b5ea28d3363bbd001790') in 0.048650 seconds 
  Import took 0.053301 seconds .

========================================================================
Received Import Request.
  Time since last request: 0.000127 seconds.
  path: Assets/Materials/Models/Main Texture.mat
  artifactKey: Guid(9a7d49ff179f89a498c40a60632329c0) Importer(815301076,1909f56bfc062723c751e8b465ee728b)
Start importing Assets/Materials/Models/Main Texture.mat using Guid(9a7d49ff179f89a498c40a60632329c0) Importer(815301076,1909f56bfc062723c751e8b465ee728b)  -> (artifact id: 'd359cfcd7be33695dea0d9170b2c3740') in 0.040699 seconds 
  Import took 0.045864 seconds .

========================================================================
Received Import Request.
  Time since last request: 0.000301 seconds.
  path: Assets/Materials/Models/Main_Material__Bobble_Wars_Marine_texture_psd.mat
  artifactKey: Guid(555920f7ad7a34fdf84e852febb03f75) Importer(815301076,1909f56bfc062723c751e8b465ee728b)
Start importing Assets/Materials/Models/Main_Material__Bobble_Wars_Marine_texture_psd.mat using Guid(555920f7ad7a34fdf84e852febb03f75) Importer(815301076,1909f56bfc062723c751e8b465ee728b)  -> (artifact id: '3d560083d192085169952a30060671cb') in 0.035452 seconds 
  Import took 0.039594 seconds .

========================================================================
Received Import Request.
  Time since last request: 0.000075 seconds.
  path: Assets/Materials/Models/Material.mat
  artifactKey: Guid(c3fcc1592ce574ca1bc3ab68dc57efed) Importer(815301076,1909f56bfc062723c751e8b465ee728b)
Start importing Assets/Materials/Models/Material.mat using Guid(c3fcc1592ce574ca1bc3ab68dc57efed) Importer(815301076,1909f56bfc062723c751e8b465ee728b)  -> (artifact id: '0710d6b0c89051935ebf7135312f71f9') in 0.032992 seconds 
  Import took 0.040050 seconds .

========================================================================
Received Import Request.
  Time since last request: 0.000317 seconds.
  path: Assets/Materials/Models/BobbleEnemy-Head-Main Texture.mat
  artifactKey: Guid(d00558141d68a4039be132c31ed29a24) Importer(815301076,1909f56bfc062723c751e8b465ee728b)
Start importing Assets/Materials/Models/BobbleEnemy-Head-Main Texture.mat using Guid(d00558141d68a4039be132c31ed29a24) Importer(815301076,1909f56bfc062723c751e8b465ee728b)  -> (artifact id: '39975ddee40b9713ad514e7fb3137ae1') in 0.033309 seconds 
  Import took 0.038046 seconds .

========================================================================
Received Import Request.
  Time since last request: 0.000279 seconds.
  path: Assets/Materials/Models/Main Material.mat
  artifactKey: Guid(23ba4cbe2c764544e81af5c63d7a6c72) Importer(815301076,1909f56bfc062723c751e8b465ee728b)
Start importing Assets/Materials/Models/Main Material.mat using Guid(23ba4cbe2c764544e81af5c63d7a6c72) Importer(815301076,1909f56bfc062723c751e8b465ee728b)  -> (artifact id: '1b69bd353b2e90ede23ac143d616ba1a') in 0.026347 seconds 
  Import took 0.032059 seconds .

========================================================================
Received Import Request.
  Time since last request: 0.000152 seconds.
  path: Assets/Materials/Models/Main_Texture.mat
  artifactKey: Guid(768b85136f52344269c9d3369fd72e18) Importer(815301076,1909f56bfc062723c751e8b465ee728b)
Start importing Assets/Materials/Models/Main_Texture.mat using Guid(768b85136f52344269c9d3369fd72e18) Importer(815301076,1909f56bfc062723c751e8b465ee728b)  -> (artifact id: '25c89855012da78a899d99ca13958357') in 0.026013 seconds 
  Import took 0.032354 seconds .

========================================================================
Received Import Request.
  Time since last request: 0.000522 seconds.
  path: Assets/Materials/Models/Main_Material.mat
  artifactKey: Guid(2c41ffd075e1746d2904843f43d411c3) Importer(815301076,1909f56bfc062723c751e8b465ee728b)
Start importing Assets/Materials/Models/Main_Material.mat using Guid(2c41ffd075e1746d2904843f43d411c3) Importer(815301076,1909f56bfc062723c751e8b465ee728b)  -> (artifact id: '239468f4ae4ee1bb5069778883aa4873') in 0.035828 seconds 
  Import took 0.040290 seconds .

========================================================================
Received Import Request.
  Time since last request: 0.000357 seconds.
  path: Assets/Materials/Models/glow.mat
  artifactKey: Guid(800792df19e4946a7b7f1436a13b960c) Importer(815301076,1909f56bfc062723c751e8b465ee728b)
Start importing Assets/Materials/Models/glow.mat using Guid(800792df19e4946a7b7f1436a13b960c) Importer(815301076,1909f56bfc062723c751e8b465ee728b)  -> (artifact id: 'd09d9943ae3b350019d09c975558464b') in 0.031423 seconds 
  Import took 0.036237 seconds .

========================================================================
Received Import Request.
  Time since last request: 0.000391 seconds.
  path: Assets/Materials/Models/BobbleEnemy-Body-Main_Texture__Bobble_Wars_Enemy_texture_psd.mat
  artifactKey: Guid(cb2868aa28fed48a180aa6b2639100e5) Importer(815301076,1909f56bfc062723c751e8b465ee728b)
Start importing Assets/Materials/Models/BobbleEnemy-Body-Main_Texture__Bobble_Wars_Enemy_texture_psd.mat using Guid(cb2868aa28fed48a180aa6b2639100e5) Importer(815301076,1909f56bfc062723c751e8b465ee728b)  -> (artifact id: '1281e0795884b5ea28d3363bbd001790') in 0.028175 seconds 
  Import took 0.033616 seconds .

========================================================================
Received Import Request.
  Time since last request: 59.291410 seconds.
  path: Assets/Models/BobbleArena.blend
  artifactKey: Guid(7f78b096b427d419f9918e4ae4fc4aec) Importer(815301076,1909f56bfc062723c751e8b465ee728b)
Start importing Assets/Models/BobbleArena.blend using Guid(7f78b096b427d419f9918e4ae4fc4aec) Importer(815301076,1909f56bfc062723c751e8b465ee728b)  -> (artifact id: 'f2e676036c22be772ff661dbc3aaf831') in 0.173817 seconds 
  Import took 0.177176 seconds .

========================================================================
Received Import Request.
  Time since last request: 31.484640 seconds.
  path: Assets/Models/BobbleArena.blend
  artifactKey: Guid(7f78b096b427d419f9918e4ae4fc4aec) Importer(815301076,1909f56bfc062723c751e8b465ee728b)
Start importing Assets/Models/BobbleArena.blend using Guid(7f78b096b427d419f9918e4ae4fc4aec) Importer(815301076,1909f56bfc062723c751e8b465ee728b)  -> (artifact id: '5d279229760c60c39cbd8ef3521d0e06') in 0.235036 seconds 
  Import took 0.239992 seconds .

========================================================================
Received Import Request.
  Time since last request: 24.463793 seconds.
  path: Assets/Models/BobbleArena.blend
  artifactKey: Guid(7f78b096b427d419f9918e4ae4fc4aec) Importer(815301076,1909f56bfc062723c751e8b465ee728b)
Start importing Assets/Models/BobbleArena.blend using Guid(7f78b096b427d419f9918e4ae4fc4aec) Importer(815301076,1909f56bfc062723c751e8b465ee728b)  -> (artifact id: '7b7ac4432bbf346cfc5d7e2a17cd4ab8') in 0.155458 seconds 
  Import took 0.159992 seconds .

========================================================================
Received Import Request.
  Time since last request: 24.669881 seconds.
  path: Assets/Models/BobbleArena.blend
  artifactKey: Guid(7f78b096b427d419f9918e4ae4fc4aec) Importer(815301076,1909f56bfc062723c751e8b465ee728b)
Start importing Assets/Models/BobbleArena.blend using Guid(7f78b096b427d419f9918e4ae4fc4aec) Importer(815301076,1909f56bfc062723c751e8b465ee728b)  -> (artifact id: '2402261996d3893fe2831e7f317e41f7') in 0.149593 seconds 
  Import took 0.154005 seconds .

========================================================================
Received Import Request.
  Time since last request: 78.255591 seconds.
  path: Assets/Materials/Import/Arena/BobbleArena-Main_Texture.mat
  artifactKey: Guid(2741ffda7a2709f44b70f2f8cac74c18) Importer(815301076,1909f56bfc062723c751e8b465ee728b)
Start importing Assets/Materials/Import/Arena/BobbleArena-Main_Texture.mat using Guid(2741ffda7a2709f44b70f2f8cac74c18) Importer(815301076,1909f56bfc062723c751e8b465ee728b)  -> (artifact id: '9fd6f6a778a7860b26f36e57eeae2a36') in 0.018166 seconds 
  Import took 0.022592 seconds .

========================================================================
Received Import Request.
  Time since last request: 0.000493 seconds.
  path: Assets/Models/Materials/BobbleArena-Material.mat
  artifactKey: Guid(3b38914cb20dbbb4cb697e0a3d4b738c) Importer(815301076,1909f56bfc062723c751e8b465ee728b)
Start importing Assets/Models/Materials/BobbleArena-Material.mat using Guid(3b38914cb20dbbb4cb697e0a3d4b738c) Importer(815301076,1909f56bfc062723c751e8b465ee728b)  -> (artifact id: '7900c90e972486dee4539919c5518d5c') in 0.025547 seconds 
  Import took 0.029773 seconds .

========================================================================
Received Import Request.
  Time since last request: 0.000342 seconds.
  path: Assets/Materials/Import/Arena/BobbleArena-Main_Texture__Bobble_Wars_Marine_texture_psd.mat
  artifactKey: Guid(7ca6ca7f2f216094fbbefd936b5e6d84) Importer(815301076,1909f56bfc062723c751e8b465ee728b)
Start importing Assets/Materials/Import/Arena/BobbleArena-Main_Texture__Bobble_Wars_Marine_texture_psd.mat using Guid(7ca6ca7f2f216094fbbefd936b5e6d84) Importer(815301076,1909f56bfc062723c751e8b465ee728b)  -> (artifact id: 'd1d7b12d45bcd5feaa7b7c44ed01267e') in 0.020855 seconds 
  Import took 0.025539 seconds .

========================================================================
Received Import Request.
  Time since last request: 0.000339 seconds.
  path: Assets/Materials/Import/Arena/BobbleArena-Main_Texture.mat
  artifactKey: Guid(2741ffda7a2709f44b70f2f8cac74c18) Importer(815301076,1909f56bfc062723c751e8b465ee728b)
Start importing Assets/Materials/Import/Arena/BobbleArena-Main_Texture.mat using Guid(2741ffda7a2709f44b70f2f8cac74c18) Importer(815301076,1909f56bfc062723c751e8b465ee728b)  -> (artifact id: '9fd6f6a778a7860b26f36e57eeae2a36') in 0.019182 seconds 
  Import took 0.022906 seconds .

========================================================================
Received Import Request.
  Time since last request: 0.000345 seconds.
  path: Assets/Materials/Import/Arena/Main/BobbleArena-Main_Texture.mat
  artifactKey: Guid(6521ee6b5dbe741a58a740d38a202965) Importer(815301076,1909f56bfc062723c751e8b465ee728b)
Start importing Assets/Materials/Import/Arena/Main/BobbleArena-Main_Texture.mat using Guid(6521ee6b5dbe741a58a740d38a202965) Importer(815301076,1909f56bfc062723c751e8b465ee728b)  -> (artifact id: '5c9d5a62624cccfc3f716f9ff1993820') in 0.021672 seconds 
  Import took 0.026106 seconds .

========================================================================
Received Import Request.
  Time since last request: 0.000272 seconds.
  path: Assets/Materials/Import/Arena/Main/BobbleArena-Main_Texture__Bobble_Wars_Marine_texture_psd.mat
  artifactKey: Guid(6e8605e06193645aa9e9f0aaf6b2b068) Importer(815301076,1909f56bfc062723c751e8b465ee728b)
Start importing Assets/Materials/Import/Arena/Main/BobbleArena-Main_Texture__Bobble_Wars_Marine_texture_psd.mat using Guid(6e8605e06193645aa9e9f0aaf6b2b068) Importer(815301076,1909f56bfc062723c751e8b465ee728b)  -> (artifact id: 'b6c2ca86e0b55668a5e14f41da4d5b72') in 0.021661 seconds 
  Import took 0.025243 seconds .

========================================================================
Received Import Request.
  Time since last request: 0.000266 seconds.
  path: Assets/Materials/Import/Materials/BobbleArena-Main_Texture__Bobble_Wars_Marine_texture_psd.mat
  artifactKey: Guid(0040793cc58f60343a7c4b22f7cf0564) Importer(815301076,1909f56bfc062723c751e8b465ee728b)
Start importing Assets/Materials/Import/Materials/BobbleArena-Main_Texture__Bobble_Wars_Marine_texture_psd.mat using Guid(0040793cc58f60343a7c4b22f7cf0564) Importer(815301076,1909f56bfc062723c751e8b465ee728b)  -> (artifact id: 'acd3c8df6b333650951130cb7d03c215') in 0.020809 seconds 
  Import took 0.025150 seconds .

========================================================================
Received Import Request.
  Time since last request: 0.000291 seconds.
  path: Assets/Materials/Import/Arena/Main/BobbleArena-Main_Texture__Bobble_Wars_Marine_texture_psd.mat
  artifactKey: Guid(6e8605e06193645aa9e9f0aaf6b2b068) Importer(815301076,1909f56bfc062723c751e8b465ee728b)
Start importing Assets/Materials/Import/Arena/Main/BobbleArena-Main_Texture__Bobble_Wars_Marine_texture_psd.mat using Guid(6e8605e06193645aa9e9f0aaf6b2b068) Importer(815301076,1909f56bfc062723c751e8b465ee728b)  -> (artifact id: 'b6c2ca86e0b55668a5e14f41da4d5b72') in 0.021352 seconds 
  Import took 0.025184 seconds .

========================================================================
Received Import Request.
  Time since last request: 0.008589 seconds.
  path: Assets/Materials/Import/Materials/BobbleArena-Main_Texture__Bobble_Wars_Marine_texture_psd.mat
  artifactKey: Guid(0040793cc58f60343a7c4b22f7cf0564) Importer(815301076,1909f56bfc062723c751e8b465ee728b)
Start importing Assets/Materials/Import/Materials/BobbleArena-Main_Texture__Bobble_Wars_Marine_texture_psd.mat using Guid(0040793cc58f60343a7c4b22f7cf0564) Importer(815301076,1909f56bfc062723c751e8b465ee728b)  -> (artifact id: 'acd3c8df6b333650951130cb7d03c215') in 0.019390 seconds 
  Import took 0.024535 seconds .

========================================================================
Received Import Request.
  Time since last request: 51.792619 seconds.
  path: Assets/Models/BobbleArena.blend
  artifactKey: Guid(7f78b096b427d419f9918e4ae4fc4aec) Importer(815301076,1909f56bfc062723c751e8b465ee728b)
Start importing Assets/Models/BobbleArena.blend using Guid(7f78b096b427d419f9918e4ae4fc4aec) Importer(815301076,1909f56bfc062723c751e8b465ee728b)  -> (artifact id: '2e80c04a6961270eec87dd59cff87a3b') in 0.191673 seconds 
  Import took 0.198761 seconds .

========================================================================
Received Import Request.
  Time since last request: 58.632640 seconds.
  path: Assets/Models/Materials
  artifactKey: Guid(0f7fee3d52e361844816cc3b213b7398) Importer(815301076,1909f56bfc062723c751e8b465ee728b)
Start importing Assets/Models/Materials using Guid(0f7fee3d52e361844816cc3b213b7398) Importer(815301076,1909f56bfc062723c751e8b465ee728b)  -> (artifact id: 'c26cde6face44af0e471b6cdfc25c764') in 0.005398 seconds 
  Import took 0.010899 seconds .

========================================================================
Received Import Request.
  Time since last request: 0.857457 seconds.
  path: Assets/Models/Materials/BobbleArena-Main Texture.mat
  artifactKey: Guid(11f29cb073dd50b4f8653ca51a7741ea) Importer(815301076,1909f56bfc062723c751e8b465ee728b)
Start importing Assets/Models/Materials/BobbleArena-Main Texture.mat using Guid(11f29cb073dd50b4f8653ca51a7741ea) Importer(815301076,1909f56bfc062723c751e8b465ee728b)  -> (artifact id: 'f906bc3a04ec6bcc4985f6e26085b38d') in 0.015809 seconds 
  Import took 0.021089 seconds .

========================================================================
Received Import Request.
  Time since last request: 0.000385 seconds.
  path: Assets/Models/Materials/BobbleArena-No Name.mat
  artifactKey: Guid(c10e0727fbfc12a4ca3d3f8fe5374961) Importer(815301076,1909f56bfc062723c751e8b465ee728b)
Start importing Assets/Models/Materials/BobbleArena-No Name.mat using Guid(c10e0727fbfc12a4ca3d3f8fe5374961) Importer(815301076,1909f56bfc062723c751e8b465ee728b)  -> (artifact id: 'e9efe181a52f44a3a687f17c0b89cfe4') in 0.018841 seconds 
  Import took 0.023086 seconds .

========================================================================
Received Import Request.
  Time since last request: 0.000441 seconds.
  path: Assets/Models/Materials/Material.mat
  artifactKey: Guid(42ad9a725a9b31f4fa5812205ac76cfd) Importer(815301076,1909f56bfc062723c751e8b465ee728b)
Start importing Assets/Models/Materials/Material.mat using Guid(42ad9a725a9b31f4fa5812205ac76cfd) Importer(815301076,1909f56bfc062723c751e8b465ee728b)  -> (artifact id: 'e164b74a1779d3bc38ee74bf2904d0fd') in 0.030817 seconds 
  Import took 0.035611 seconds .

========================================================================
Received Import Request.
  Time since last request: 0.000189 seconds.
  path: Assets/Models/Materials/No Name.mat
  artifactKey: Guid(da4fbfed2aacd6944ada6ccb3d070c91) Importer(815301076,1909f56bfc062723c751e8b465ee728b)
Start importing Assets/Models/Materials/No Name.mat using Guid(da4fbfed2aacd6944ada6ccb3d070c91) Importer(815301076,1909f56bfc062723c751e8b465ee728b)  -> (artifact id: 'e730bd79bc553f4db53416cd8b1b9149') in 0.028959 seconds 
  Import took 0.034020 seconds .

========================================================================
Received Import Request.
  Time since last request: 0.000111 seconds.
  path: Assets/Models/Materials/Main Texture.mat
  artifactKey: Guid(896e30b4c0e056f4c931b038b5b40aa6) Importer(815301076,1909f56bfc062723c751e8b465ee728b)
Start importing Assets/Models/Materials/Main Texture.mat using Guid(896e30b4c0e056f4c931b038b5b40aa6) Importer(815301076,1909f56bfc062723c751e8b465ee728b)  -> (artifact id: '7086a3184a03fe30b7663be554112d89') in 0.019414 seconds 
  Import took 0.023737 seconds .

========================================================================
Received Import Request.
  Time since last request: 73.985650 seconds.
  path: Assets/Models/BobbleArena.blend
  artifactKey: Guid(7f78b096b427d419f9918e4ae4fc4aec) Importer(815301076,1909f56bfc062723c751e8b465ee728b)
Start importing Assets/Models/BobbleArena.blend using Guid(7f78b096b427d419f9918e4ae4fc4aec) Importer(815301076,1909f56bfc062723c751e8b465ee728b)  -> (artifact id: '5b5d6a6988624c79c13a45fe77bc2cb1') in 0.141821 seconds 
  Import took 0.145791 seconds .

========================================================================
Received Import Request.
  Time since last request: 395.883024 seconds.
  path: Assets/Scenes/MainSettings.lighting
  artifactKey: Guid(69d598464b2d6ea4a819ffede2ca7d93) Importer(815301076,1909f56bfc062723c751e8b465ee728b)
Start importing Assets/Scenes/MainSettings.lighting using Guid(69d598464b2d6ea4a819ffede2ca7d93) Importer(815301076,1909f56bfc062723c751e8b465ee728b)  -> (artifact id: 'c9b31384051f2b0972bb37c7dda9db07') in 0.013876 seconds 
  Import took 0.017934 seconds .

========================================================================
Received Import Request.
  Time since last request: 0.009118 seconds.
  path: Assets/Scenes/MainSettings.lighting
  artifactKey: Guid(69d598464b2d6ea4a819ffede2ca7d93) Importer(815301076,1909f56bfc062723c751e8b465ee728b)
Start importing Assets/Scenes/MainSettings.lighting using Guid(69d598464b2d6ea4a819ffede2ca7d93) Importer(815301076,1909f56bfc062723c751e8b465ee728b)  -> (artifact id: 'c9b31384051f2b0972bb37c7dda9db07') in 0.004799 seconds 
  Import took 0.009197 seconds .

========================================================================
Received Import Request.
  Time since last request: 2.718983 seconds.
  path: Assets/Scenes/Main.unity
  artifactKey: Guid(99c9720ab356a0642a771bea13969a05) Importer(815301076,1909f56bfc062723c751e8b465ee728b)
Start importing Assets/Scenes/Main.unity using Guid(99c9720ab356a0642a771bea13969a05) Importer(815301076,1909f56bfc062723c751e8b465ee728b)  -> (artifact id: 'e534543df86bf6cc3da0ab5db6ace4b0') in 0.006798 seconds 
  Import took 0.011208 seconds .

AssetImportWorkerClient::OnTransportError - code=2 error=End of file
